<?xml version="1.0" encoding="UTF-8"?>
<!-- Generated by org.testng.reporters.JUnitXMLReporter -->
<testsuite ignored="1" hostname="DESKTOP-SVJDG53" failures="0" tests="9" name="ApplicationTest" time="57.704" errors="0" timestamp="2022-07-14T17:50:48 IST">
  <testcase classname="testcases.ApplicationTest" name="@BeforeMethod setUp" time="57.571">
    <failure type="org.openqa.selenium.NoSuchElementException" message="no such element: Unable to locate element: {&amp;quot;method&amp;quot;:&amp;quot;css selector&amp;quot;,&amp;quot;selector&amp;quot;:&amp;quot;#email&amp;quot;}
  (Session info: headless chrome=103.0.5060.114)
For documentation on this error, please visit: https://selenium.dev/exceptions/#no_such_element
Build info: version: &amp;apos;4.1.2&amp;apos;, revision: &amp;apos;9a5a329c5a&amp;apos;
System info: host: &amp;apos;DESKTOP-SVJDG53&amp;apos;, ip: &amp;apos;192.168.56.1&amp;apos;, os.name: &amp;apos;Windows 10&amp;apos;, os.arch: &amp;apos;amd64&amp;apos;, os.version: &amp;apos;10.0&amp;apos;, java.version: &amp;apos;11.0.13&amp;apos;
Driver info: org.openqa.selenium.chrome.ChromeDriver
Command: [7c578ba6887f287508c07a7d1f19152c, findElement {using=id, value=email}]
Capabilities {acceptInsecureCerts: false, browserName: chrome, browserVersion: 103.0.5060.114, chrome: {chromedriverVersion: 102.0.5005.61 (0e59bcc00cc4..., userDataDir: C:\Users\popst\AppData\Loca...}, goog:chromeOptions: {debuggerAddress: localhost:63158}, javascriptEnabled: true, networkConnectionEnabled: false, pageLoadStrategy: normal, platform: WINDOWS, platformName: WINDOWS, proxy: Proxy(), se:cdp: ws://localhost:63158/devtoo..., se:cdpVersion: 103.0.5060.114, setWindowRect: true, strictFileInteractability: false, timeouts: {implicit: 0, pageLoad: 300000, script: 30000}, unhandledPromptBehavior: dismiss and notify, webauthn:extension:credBlob: true, webauthn:extension:largeBlob: true, webauthn:virtualAuthenticators: true}
Session ID: 7c578ba6887f287508c07a7d1f19152c">
      <![CDATA[org.openqa.selenium.NoSuchElementException: no such element: Unable to locate element: {"method":"css selector","selector":"#email"}
  (Session info: headless chrome=103.0.5060.114)
For documentation on this error, please visit: https://selenium.dev/exceptions/#no_such_element
Build info: version: '4.1.2', revision: '9a5a329c5a'
System info: host: 'DESKTOP-SVJDG53', ip: '192.168.56.1', os.name: 'Windows 10', os.arch: 'amd64', os.version: '10.0', java.version: '11.0.13'
Driver info: org.openqa.selenium.chrome.ChromeDriver
Command: [7c578ba6887f287508c07a7d1f19152c, findElement {using=id, value=email}]
Capabilities {acceptInsecureCerts: false, browserName: chrome, browserVersion: 103.0.5060.114, chrome: {chromedriverVersion: 102.0.5005.61 (0e59bcc00cc4..., userDataDir: C:\Users\popst\AppData\Loca...}, goog:chromeOptions: {debuggerAddress: localhost:63158}, javascriptEnabled: true, networkConnectionEnabled: false, pageLoadStrategy: normal, platform: WINDOWS, platformName: WINDOWS, proxy: Proxy(), se:cdp: ws://localhost:63158/devtoo..., se:cdpVersion: 103.0.5060.114, setWindowRect: true, strictFileInteractability: false, timeouts: {implicit: 0, pageLoad: 300000, script: 30000}, unhandledPromptBehavior: dismiss and notify, webauthn:extension:credBlob: true, webauthn:extension:largeBlob: true, webauthn:virtualAuthenticators: true}
Session ID: 7c578ba6887f287508c07a7d1f19152c
at org.openqa.selenium.remote.codec.w3c.W3CHttpResponseCodec.createException(W3CHttpResponseCodec.java:200)
at org.openqa.selenium.remote.codec.w3c.W3CHttpResponseCodec.decode(W3CHttpResponseCodec.java:133)
at org.openqa.selenium.remote.codec.w3c.W3CHttpResponseCodec.decode(W3CHttpResponseCodec.java:53)
at org.openqa.selenium.remote.HttpCommandExecutor.execute(HttpCommandExecutor.java:184)
at org.openqa.selenium.remote.service.DriverCommandExecutor.invokeExecute(DriverCommandExecutor.java:167)
at org.openqa.selenium.remote.service.DriverCommandExecutor.execute(DriverCommandExecutor.java:142)
at org.openqa.selenium.remote.RemoteWebDriver.execute(RemoteWebDriver.java:558)
at org.openqa.selenium.remote.ElementLocation$ElementFinder$2.findElement(ElementLocation.java:162)
at org.openqa.selenium.remote.ElementLocation.findElement(ElementLocation.java:66)
at org.openqa.selenium.remote.RemoteWebDriver.findElement(RemoteWebDriver.java:382)
at org.openqa.selenium.remote.RemoteWebDriver.findElement(RemoteWebDriver.java:374)
at com.dao.UserLogin.login(UserLogin.java:18)
at testcases.ApplicationTest.setUp(ApplicationTest.java:74)
at java.base/java.util.ArrayList.forEach(ArrayList.java:1541)
... Removed 44 stack frames]]>
    </failure>
  </testcase> <!-- @BeforeMethod setUp -->
  <testcase classname="testcases.ApplicationTest" name="@AfterMethod closeBrowser" time="-1.657801248549E9">
    <skipped/>
  </testcase> <!-- @AfterMethod closeBrowser -->
  <testcase classname="testcases.ApplicationTest" name="@BeforeMethod setUp" time="-1.65780124855E9">
    <skipped/>
  </testcase> <!-- @BeforeMethod setUp -->
  <testcase classname="testcases.ApplicationTest" name="@AfterMethod closeBrowser" time="-1.657801248551E9">
    <skipped/>
  </testcase> <!-- @AfterMethod closeBrowser -->
  <testcase classname="testcases.ApplicationTest" name="@BeforeMethod setUp" time="-1.657801248557E9">
    <skipped/>
  </testcase> <!-- @BeforeMethod setUp -->
  <testcase classname="testcases.ApplicationTest" name="@AfterMethod closeBrowser" time="-1.657801248561E9">
    <skipped/>
  </testcase> <!-- @AfterMethod closeBrowser -->
  <testcase classname="testcases.ApplicationTest" name="@BeforeMethod setUp" time="-1.657801248564E9">
    <skipped/>
  </testcase> <!-- @BeforeMethod setUp -->
  <testcase classname="testcases.ApplicationTest" name="@AfterMethod closeBrowser" time="-1.657801248565E9">
    <skipped/>
  </testcase> <!-- @AfterMethod closeBrowser -->
  <testcase classname="testcases.ApplicationTest" name="CheckAppImport" time="0.0">
    <skipped/>
  </testcase> <!-- CheckAppImport -->
  <testcase classname="testcases.ApplicationTest" name="createApp" time="0.0">
    <skipped/>
  </testcase> <!-- createApp -->
  <testcase classname="testcases.ApplicationTest" name="addControls" time="0.0">
    <skipped/>
  </testcase> <!-- addControls -->
  <testcase classname="testcases.ApplicationTest" name="addMongoConnector" time="0.0">
    <skipped/>
  </testcase> <!-- addMongoConnector -->
  <testcase classname="testcases.ApplicationTest" name="addPostgreConnector" time="0.0">
    <skipped/>
  </testcase> <!-- addPostgreConnector -->
  <testcase classname="testcases.ApplicationTest" name="addAutoApi" time="0.0">
    <skipped/>
  </testcase> <!-- addAutoApi -->
  <testcase classname="testcases.ApplicationTest" name="addGraphQL" time="0.0">
    <skipped/>
  </testcase> <!-- addGraphQL -->
  <testcase classname="testcases.ApplicationTest" name="CheckPreview" time="0.0">
    <skipped/>
  </testcase> <!-- CheckPreview -->
  <testcase classname="testcases.ApplicationTest" name="CheckPublish" time="0.0">
    <skipped/>
  </testcase> <!-- CheckPublish -->
  <testcase classname="testcases.ApplicationTest" name="ButtonFlow" time="0.0">
    <ignored/>
  </testcase> <!-- ButtonFlow -->
</testsuite> <!-- ApplicationTest -->
